#
# There is insufficient memory for the Java Runtime Environment to continue.
# Native memory allocation (malloc) failed to allocate 555936 bytes for Chunk::new
# Possible reasons:
#   The system is out of physical RAM or swap space
#   The process is running with CompressedOops enabled, and the Java Heap may be blocking the growth of the native heap
# Possible solutions:
#   Reduce memory load on the system
#   Increase physical memory or swap space
#   Check if swap backing store is full
#   Decrease Java heap size (-Xmx/-Xms)
#   Decrease number of Java threads
#   Decrease Java thread stack sizes (-Xss)
#   Set larger code cache with -XX:ReservedCodeCacheSize=
#   JVM is running with Zero Based Compressed Oops mode in which the Java heap is
#     placed in the first 32GB address space. The Java Heap base address is the
#     maximum limit for the native heap growth. Please use -XX:HeapBaseMinAddress
#     to set the Java Heap base and to place the Java Heap above 32GB virtual address.
# This output file may be truncated or incomplete.
#
#  Out of Memory Error (arena.cpp:184), pid=13112, tid=5212
#
# JRE version: Java(TM) SE Runtime Environment (20.0.2+9) (build 20.0.2+9-78)
# Java VM: Java HotSpot(TM) 64-Bit Server VM (20.0.2+9-78, mixed mode, sharing, tiered, compressed oops, compressed class ptrs, g1 gc, windows-amd64)
# No core dump will be written. Minidumps are not enabled by default on client versions of Windows
#

---------------  S U M M A R Y ------------

Command Line: -javaagent:D:\itelliji\IntelliJ IDEA Community Edition 2023.2.5\lib\idea_rt.jar=61080:D:\itelliji\IntelliJ IDEA Community Edition 2023.2.5\bin -Dfile.encoding=UTF-8 -Dsun.stdout.encoding=UTF-8 -Dsun.stderr.encoding=UTF-8 com.example.Urban.UrbanApplication

Host: Intel(R) Core(TM) i5-1035G1 CPU @ 1.00GHz, 8 cores, 11G,  Windows 11 , 64 bit Build 22621 (10.0.22621.3527)
Time: Tue May 28 14:18:11 2024 SE Asia Standard Time elapsed time: 43533.510708 seconds (0d 12h 5m 33s)

---------------  T H R E A D  ---------------

Current thread (0x0000021b5f741800):  JavaThread "C2 CompilerThread0" daemon [_thread_in_native, id=5212, stack(0x000000be9c800000,0x000000be9c900000)]


Current CompileTask:
C2:43533510 14355       4       sun.util.locale.BaseLocale::getInstance (150 bytes)

Stack: [0x000000be9c800000,0x000000be9c900000]
Native frames: (J=compiled Java code, j=interpreted, Vv=VM code, C=native code)
V  [jvm.dll+0x6bc25a]
V  [jvm.dll+0x84971a]
V  [jvm.dll+0x84b315]
V  [jvm.dll+0x84ba13]
V  [jvm.dll+0x280e4f]
V  [jvm.dll+0xc2ab1]
V  [jvm.dll+0xc2dd5]
V  [jvm.dll+0x2f611f]
V  [jvm.dll+0x5e3b0b]
V  [jvm.dll+0x254684]
V  [jvm.dll+0x254a4f]
V  [jvm.dll+0x24d23d]
V  [jvm.dll+0x24a819]
V  [jvm.dll+0x1ce761]
V  [jvm.dll+0x25a0eb]
V  [jvm.dll+0x2587c0]
V  [jvm.dll+0x3f2dd5]
V  [jvm.dll+0x7f5c76]
V  [jvm.dll+0x6baecb]
C  [ucrtbase.dll+0x29333]
C  [KERNEL32.DLL+0x1257d]
C  [ntdll.dll+0x5aa48]


---------------  P R O C E S S  ---------------

Threads class SMR info:
_java_thread_list=0x0000021ba7f82fe0, length=29, elements={
0x0000021b5f7070d0, 0x0000021b5f707f60, 0x0000021b5f70c7c0, 0x0000021b5f732380,
0x0000021b5f734610, 0x0000021b5f736830, 0x0000021b5f741800, 0x0000021b5f742b80,
0x0000021ba499f070, 0x0000021ba4cc1cc0, 0x0000021ba4b78370, 0x0000021ba71abd70,
0x0000021ba9663310, 0x0000021ba6a463d0, 0x0000021ba6a46e70, 0x0000021ba6a47e60,
0x0000021ba6a47910, 0x0000021ba6afe690, 0x0000021ba6affbd0, 0x0000021ba6afc160,
0x0000021ba6b00120, 0x0000021ba6af8c40, 0x0000021ba6af9190, 0x0000021ba6afebe0,
0x0000021ba6afe140, 0x0000021ba6afc6b0, 0x0000021ba6af96e0, 0x0000021ba6aff130,
0x0000021ba6aff680
}

Java Threads: ( => current thread )
  0x0000021b5f7070d0 JavaThread "Reference Handler" daemon [_thread_blocked, id=18908, stack(0x000000be9c200000,0x000000be9c300000)]
  0x0000021b5f707f60 JavaThread "Finalizer" daemon [_thread_blocked, id=4084, stack(0x000000be9c300000,0x000000be9c400000)]
  0x0000021b5f70c7c0 JavaThread "Signal Dispatcher" daemon [_thread_blocked, id=7240, stack(0x000000be9c400000,0x000000be9c500000)]
  0x0000021b5f732380 JavaThread "Attach Listener" daemon [_thread_blocked, id=10824, stack(0x000000be9c500000,0x000000be9c600000)]
  0x0000021b5f734610 JavaThread "Service Thread" daemon [_thread_blocked, id=12456, stack(0x000000be9c600000,0x000000be9c700000)]
  0x0000021b5f736830 JavaThread "Monitor Deflation Thread" daemon [_thread_blocked, id=14564, stack(0x000000be9c700000,0x000000be9c800000)]
=>0x0000021b5f741800 JavaThread "C2 CompilerThread0" daemon [_thread_in_native, id=5212, stack(0x000000be9c800000,0x000000be9c900000)]
  0x0000021b5f742b80 JavaThread "C1 CompilerThread0" daemon [_thread_blocked, id=13120, stack(0x000000be9c900000,0x000000be9ca00000)]
  0x0000021ba499f070 JavaThread "Common-Cleaner" daemon [_thread_blocked, id=5524, stack(0x000000be9ca00000,0x000000be9cb00000)]
  0x0000021ba4cc1cc0 JavaThread "Monitor Ctrl-Break" daemon [_thread_in_native, id=15260, stack(0x000000be9cc00000,0x000000be9cd00000)]
  0x0000021ba4b78370 JavaThread "Notification Thread" daemon [_thread_blocked, id=9920, stack(0x000000be9cd00000,0x000000be9ce00000)]
  0x0000021ba71abd70 JavaThread "mysql-cj-abandoned-connection-cleanup" daemon [_thread_blocked, id=3172, stack(0x000000be9d800000,0x000000be9d900000)]
  0x0000021ba9663310 JavaThread "HikariPool-1 housekeeper" daemon [_thread_blocked, id=5888, stack(0x000000be9da00000,0x000000be9db00000)]
  0x0000021ba6a463d0 JavaThread "Catalina-utility-1" [_thread_blocked, id=13100, stack(0x000000be9dc00000,0x000000be9dd00000)]
  0x0000021ba6a46e70 JavaThread "Catalina-utility-2" [_thread_blocked, id=6604, stack(0x000000be9dd00000,0x000000be9de00000)]
  0x0000021ba6a47e60 JavaThread "container-0" [_thread_blocked, id=9636, stack(0x000000be9de00000,0x000000be9df00000)]
  0x0000021ba6a47910 JavaThread "http-nio-8080-exec-1" daemon [_thread_blocked, id=16552, stack(0x000000be9df00000,0x000000be9e000000)]
  0x0000021ba6afe690 JavaThread "http-nio-8080-exec-2" daemon [_thread_blocked, id=11916, stack(0x000000be9e000000,0x000000be9e100000)]
  0x0000021ba6affbd0 JavaThread "http-nio-8080-exec-3" daemon [_thread_blocked, id=6272, stack(0x000000be9e100000,0x000000be9e200000)]
  0x0000021ba6afc160 JavaThread "http-nio-8080-exec-4" daemon [_thread_blocked, id=14912, stack(0x000000be9e200000,0x000000be9e300000)]
  0x0000021ba6b00120 JavaThread "http-nio-8080-exec-5" daemon [_thread_blocked, id=18808, stack(0x000000be9e300000,0x000000be9e400000)]
  0x0000021ba6af8c40 JavaThread "http-nio-8080-exec-6" daemon [_thread_blocked, id=13824, stack(0x000000be9e400000,0x000000be9e500000)]
  0x0000021ba6af9190 JavaThread "http-nio-8080-exec-7" daemon [_thread_blocked, id=19420, stack(0x000000be9e500000,0x000000be9e600000)]
  0x0000021ba6afebe0 JavaThread "http-nio-8080-exec-8" daemon [_thread_blocked, id=13756, stack(0x000000be9e600000,0x000000be9e700000)]
  0x0000021ba6afe140 JavaThread "http-nio-8080-exec-9" daemon [_thread_blocked, id=3608, stack(0x000000be9e700000,0x000000be9e800000)]
  0x0000021ba6afc6b0 JavaThread "http-nio-8080-exec-10" daemon [_thread_blocked, id=15680, stack(0x000000be9e800000,0x000000be9e900000)]
  0x0000021ba6af96e0 JavaThread "http-nio-8080-Poller" daemon [_thread_in_native, id=9836, stack(0x000000be9e900000,0x000000be9ea00000)]
  0x0000021ba6aff130 JavaThread "http-nio-8080-Acceptor" daemon [_thread_in_native, id=13704, stack(0x000000be9ea00000,0x000000be9eb00000)]
  0x0000021ba6aff680 JavaThread "DestroyJavaVM" [_thread_blocked, id=18108, stack(0x000000be9bb00000,0x000000be9bc00000)]

Other Threads:
  0x0000021b5f6e5010 VMThread "VM Thread" [stack: 0x000000be9c100000,0x000000be9c200000] [id=9560]
  0x0000021ba4b78cc0 WatcherThread "VM Periodic Task Thread" [stack: 0x000000be9cb00000,0x000000be9cc00000] [id=12876]
  0x0000021b4183a850 WorkerThread "GC Thread#0" [stack: 0x000000be9bc00000,0x000000be9bd00000] [id=7136]
  0x0000021ba51164b0 WorkerThread "GC Thread#1" [stack: 0x000000be9cf00000,0x000000be9d000000] [id=11604]
  0x0000021ba5116780 WorkerThread "GC Thread#2" [stack: 0x000000be9d000000,0x000000be9d100000] [id=6184]
  0x0000021ba5116d20 WorkerThread "GC Thread#3" [stack: 0x000000be9d100000,0x000000be9d200000] [id=18760]
  0x0000021ba5115f10 WorkerThread "GC Thread#4" [stack: 0x000000be9d200000,0x000000be9d300000] [id=6992]
  0x0000021ba5116a50 WorkerThread "GC Thread#5" [stack: 0x000000be9d300000,0x000000be9d400000] [id=9784]
  0x0000021ba51172c0 WorkerThread "GC Thread#6" [stack: 0x000000be9d500000,0x000000be9d600000] [id=13616]
  0x0000021ba5117590 WorkerThread "GC Thread#7" [stack: 0x000000be9d600000,0x000000be9d700000] [id=11268]
  0x0000021b41847580 ConcurrentGCThread "G1 Main Marker" [stack: 0x000000be9bd00000,0x000000be9be00000] [id=13392]
  0x0000021b41847eb0 WorkerThread "G1 Conc#0" [stack: 0x000000be9be00000,0x000000be9bf00000] [id=4208]
  0x0000021ba6322e50 WorkerThread "G1 Conc#1" [stack: 0x000000be9d400000,0x000000be9d500000] [id=13232]
  0x0000021b4188e350 ConcurrentGCThread "G1 Refine#0" [stack: 0x000000be9bf00000,0x000000be9c000000] [id=6696]
  0x0000021b5f5a40d0 ConcurrentGCThread "G1 Service" [stack: 0x000000be9c000000,0x000000be9c100000] [id=15696]

Threads with active compile tasks:
C2 CompilerThread0  43533612 14355       4       sun.util.locale.BaseLocale::getInstance (150 bytes)

VM state: not at safepoint (normal execution)

VM Mutex/Monitor currently owned by a thread: None

Heap address: 0x0000000743000000, size: 3024 MB, Compressed Oops mode: Zero based, Oop shift amount: 3

CDS archive(s) mapped at: [0x0000021b5f800000-0x0000021b60460000-0x0000021b60460000), size 12976128, SharedBaseAddress: 0x0000021b5f800000, ArchiveRelocationMode: 1.
Compressed class space mapped at: 0x0000021b60800000-0x0000021ba0800000, reserved size: 1073741824
Narrow klass base: 0x0000021b5f800000, Narrow klass shift: 0, Narrow klass range: 0x100000000

GC Precious Log:
 CardTable entry size: 512
 Card Set container configuration: InlinePtr #cards 4 size 8 Array Of Cards #cards 16 size 48 Howl #buckets 8 coarsen threshold 3686 Howl Bitmap #cards 512 size 80 coarsen threshold 460 Card regions per heap region 1 cards per card region 4096
 CPUs: 8 total, 8 available
 Memory: 12093M
 Large Page Support: Disabled
 NUMA Support: Disabled
 Compressed Oops: Enabled (Zero based)
 Heap Region Size: 2M
 Heap Min Capacity: 8M
 Heap Initial Capacity: 190M
 Heap Max Capacity: 3024M
 Pre-touch: Disabled
 Parallel Workers: 8
 Concurrent Workers: 2
 Concurrent Refinement Workers: 8
 Periodic GC: Disabled

Heap:
 garbage-first heap   total 92160K, used 40294K [0x0000000743000000, 0x0000000800000000)
  region size 2048K, 4 young (8192K), 2 survivors (4096K)
 Metaspace       used 87622K, committed 88384K, reserved 1179648K
  class space    used 11297K, committed 11712K, reserved 1048576K

Heap Regions: E=young(eden), S=young(survivor), O=old, HS=humongous(starts), HC=humongous(continues), CS=collection set, F=free, OA=open archive, CA=closed archive, TAMS=top-at-mark-start, PB=parsable bottom
|   0|0x0000000743000000, 0x0000000743200000, 0x0000000743200000|100%| O|  |TAMS 0x0000000743000000| PB 0x0000000743000000| Untracked 
|   1|0x0000000743200000, 0x0000000743400000, 0x0000000743400000|100%| O|  |TAMS 0x0000000743200000| PB 0x0000000743200000| Untracked 
|   2|0x0000000743400000, 0x0000000743600000, 0x0000000743600000|100%| O|  |TAMS 0x0000000743400000| PB 0x0000000743400000| Untracked 
|   3|0x0000000743600000, 0x0000000743800000, 0x0000000743800000|100%| O|  |TAMS 0x0000000743600000| PB 0x0000000743600000| Untracked 
|   4|0x0000000743800000, 0x0000000743a00000, 0x0000000743a00000|100%| O|  |TAMS 0x0000000743800000| PB 0x0000000743800000| Untracked 
|   5|0x0000000743a00000, 0x0000000743c00000, 0x0000000743c00000|100%| O|  |TAMS 0x0000000743a00000| PB 0x0000000743a00000| Untracked 
|   6|0x0000000743c00000, 0x0000000743e00000, 0x0000000743e00000|100%| O|  |TAMS 0x0000000743c00000| PB 0x0000000743c00000| Untracked 
|   7|0x0000000743e00000, 0x0000000744000000, 0x0000000744000000|100%| O|  |TAMS 0x0000000743e00000| PB 0x0000000743e00000| Untracked 
|   8|0x0000000744000000, 0x0000000744000000, 0x0000000744200000|  0%| F|  |TAMS 0x0000000744000000| PB 0x0000000744000000| Untracked 
|   9|0x0000000744200000, 0x0000000744400000, 0x0000000744400000|100%| O|  |TAMS 0x0000000744200000| PB 0x0000000744200000| Untracked 
|  10|0x0000000744400000, 0x0000000744600000, 0x0000000744600000|100%| O|  |TAMS 0x0000000744400000| PB 0x0000000744400000| Untracked 
|  11|0x0000000744600000, 0x0000000744800000, 0x0000000744800000|100%| O|  |TAMS 0x0000000744600000| PB 0x0000000744600000| Complete 
|  12|0x0000000744800000, 0x0000000744a00000, 0x0000000744a00000|100%| O|  |TAMS 0x0000000744800000| PB 0x0000000744800000| Untracked 
|  13|0x0000000744a00000, 0x0000000744c00000, 0x0000000744c00000|100%| O|  |TAMS 0x0000000744a00000| PB 0x0000000744a00000| Untracked 
|  14|0x0000000744c00000, 0x0000000744e00000, 0x0000000744e00000|100%| O|  |TAMS 0x0000000744c00000| PB 0x0000000744c00000| Untracked 
|  15|0x0000000744e00000, 0x0000000745000000, 0x0000000745000000|100%| O|  |TAMS 0x0000000744e00000| PB 0x0000000744e00000| Untracked 
|  16|0x0000000745000000, 0x0000000745200000, 0x0000000745200000|100%| O|  |TAMS 0x0000000745000000| PB 0x0000000745000000| Untracked 
|  17|0x0000000745200000, 0x0000000745400000, 0x0000000745400000|100%| O|  |TAMS 0x0000000745200000| PB 0x0000000745200000| Untracked 
|  18|0x0000000745400000, 0x0000000745475a00, 0x0000000745600000| 22%| O|  |TAMS 0x0000000745400000| PB 0x0000000745400000| Untracked 
|  19|0x0000000745600000, 0x0000000745600000, 0x0000000745800000|  0%| F|  |TAMS 0x0000000745600000| PB 0x0000000745600000| Untracked 
|  20|0x0000000745800000, 0x0000000745800000, 0x0000000745a00000|  0%| F|  |TAMS 0x0000000745800000| PB 0x0000000745800000| Untracked 
|  21|0x0000000745a00000, 0x0000000745a00000, 0x0000000745c00000|  0%| F|  |TAMS 0x0000000745a00000| PB 0x0000000745a00000| Untracked 
|  22|0x0000000745c00000, 0x0000000745c00000, 0x0000000745e00000|  0%| F|  |TAMS 0x0000000745c00000| PB 0x0000000745c00000| Untracked 
|  23|0x0000000745e00000, 0x0000000745ee3f78, 0x0000000746000000| 44%| S|CS|TAMS 0x0000000745e00000| PB 0x0000000745e00000| Complete 
|  24|0x0000000746000000, 0x0000000746200000, 0x0000000746200000|100%| S|CS|TAMS 0x0000000746000000| PB 0x0000000746000000| Complete 
|  25|0x0000000746200000, 0x0000000746200000, 0x0000000746400000|  0%| F|  |TAMS 0x0000000746200000| PB 0x0000000746200000| Untracked 
|  26|0x0000000746400000, 0x0000000746400000, 0x0000000746600000|  0%| F|  |TAMS 0x0000000746400000| PB 0x0000000746400000| Untracked 
|  27|0x0000000746600000, 0x0000000746600000, 0x0000000746800000|  0%| F|  |TAMS 0x0000000746600000| PB 0x0000000746600000| Untracked 
|  28|0x0000000746800000, 0x0000000746800000, 0x0000000746a00000|  0%| F|  |TAMS 0x0000000746800000| PB 0x0000000746800000| Untracked 
|  29|0x0000000746a00000, 0x0000000746a00000, 0x0000000746c00000|  0%| F|  |TAMS 0x0000000746a00000| PB 0x0000000746a00000| Untracked 
|  30|0x0000000746c00000, 0x0000000746c00000, 0x0000000746e00000|  0%| F|  |TAMS 0x0000000746c00000| PB 0x0000000746c00000| Untracked 
|  31|0x0000000746e00000, 0x0000000746e00000, 0x0000000747000000|  0%| F|  |TAMS 0x0000000746e00000| PB 0x0000000746e00000| Untracked 
|  32|0x0000000747000000, 0x0000000747000000, 0x0000000747200000|  0%| F|  |TAMS 0x0000000747000000| PB 0x0000000747000000| Untracked 
|  33|0x0000000747200000, 0x0000000747200000, 0x0000000747400000|  0%| F|  |TAMS 0x0000000747200000| PB 0x0000000747200000| Untracked 
|  34|0x0000000747400000, 0x0000000747400000, 0x0000000747600000|  0%| F|  |TAMS 0x0000000747400000| PB 0x0000000747400000| Untracked 
|  35|0x0000000747600000, 0x0000000747600000, 0x0000000747800000|  0%| F|  |TAMS 0x0000000747600000| PB 0x0000000747600000| Untracked 
|  36|0x0000000747800000, 0x0000000747800000, 0x0000000747a00000|  0%| F|  |TAMS 0x0000000747800000| PB 0x0000000747800000| Untracked 
|  37|0x0000000747a00000, 0x0000000747a00000, 0x0000000747c00000|  0%| F|  |TAMS 0x0000000747a00000| PB 0x0000000747a00000| Untracked 
|  38|0x0000000747c00000, 0x0000000747c00000, 0x0000000747e00000|  0%| F|  |TAMS 0x0000000747c00000| PB 0x0000000747c00000| Untracked 
|  39|0x0000000747e00000, 0x0000000747e00000, 0x0000000748000000|  0%| F|  |TAMS 0x0000000747e00000| PB 0x0000000747e00000| Untracked 
|  40|0x0000000748000000, 0x0000000748000000, 0x0000000748200000|  0%| F|  |TAMS 0x0000000748000000| PB 0x0000000748000000| Untracked 
|  41|0x0000000748200000, 0x0000000748200000, 0x0000000748400000|  0%| F|  |TAMS 0x0000000748200000| PB 0x0000000748200000| Untracked 
|  67|0x000000074b600000, 0x000000074b600000, 0x000000074b800000|  0%| F|  |TAMS 0x000000074b600000| PB 0x000000074b600000| Untracked 
|  93|0x000000074ea00000, 0x000000074eb1a0d0, 0x000000074ec00000| 55%| E|  |TAMS 0x000000074ea00000| PB 0x000000074ea00000| Complete 
|  94|0x000000074ec00000, 0x000000074ee00000, 0x000000074ee00000|100%| E|CS|TAMS 0x000000074ec00000| PB 0x000000074ec00000| Complete 

Card table byte_map: [0x0000021b591d0000,0x0000021b597c0000] _byte_map_base: 0x0000021b557b8000

Marking Bits: (CMBitMap*) 0x0000021b4183ad80
 Bits: [0x0000021b59db0000, 0x0000021b5ccf0000)

Polling page: 0x0000021b40f90000

Metaspace:

Usage:
  Non-class:     74.54 MB used.
      Class:     11.03 MB used.
       Both:     85.57 MB used.

Virtual space:
  Non-class space:      128.00 MB reserved,      74.88 MB ( 58%) committed,  2 nodes.
      Class space:        1.00 GB reserved,      11.44 MB (  1%) committed,  1 nodes.
             Both:        1.12 GB reserved,      86.31 MB (  7%) committed. 

Chunk freelists:
   Non-Class:  1005.00 KB
       Class:  606.00 KB
        Both:  1.57 MB

MaxMetaspaceSize: unlimited
CompressedClassSpaceSize: 1.00 GB
Initial GC threshold: 21.00 MB
Current GC threshold: 143.88 MB
CDS: on
MetaspaceReclaimPolicy: balanced
 - commit_granule_bytes: 65536.
 - commit_granule_words: 8192.
 - virtual_space_node_default_size: 8388608.
 - enlarge_chunks_in_place: 1.
 - new_chunks_are_fully_committed: 0.
 - uncommit_free_chunks: 1.
 - use_allocation_guard: 0.


Internal statistics:

num_allocs_failed_limit: 15.
num_arena_births: 1216.
num_arena_deaths: 354.
num_vsnodes_births: 3.
num_vsnodes_deaths: 0.
num_space_committed: 1381.
num_space_uncommitted: 0.
num_chunks_returned_to_freelist: 419.
num_chunks_taken_from_freelist: 4557.
num_chunk_merges: 109.
num_chunk_splits: 3113.
num_chunks_enlarged: 2413.
num_inconsistent_stats: 0.

CodeHeap 'non-profiled nmethods': size=120000Kb used=7009Kb max_used=7720Kb free=112990Kb
 bounds [0x0000021b51370000, 0x0000021b51b00000, 0x0000021b588a0000]
CodeHeap 'profiled nmethods': size=120000Kb used=23676Kb max_used=27627Kb free=96323Kb
 bounds [0x0000021b498a0000, 0x0000021b4b3a0000, 0x0000021b50dd0000]
CodeHeap 'non-nmethods': size=5760Kb used=1988Kb max_used=2032Kb free=3771Kb
 bounds [0x0000021b50dd0000, 0x0000021b51040000, 0x0000021b51370000]
 total_blobs=11899 nmethods=11137 adapters=671
 compilation: enabled
              stopped_count=0, restarted_count=0
 full_count=0

Compilation events (20 events):
Event: 43518.444 Thread 0x0000021b5f742b80 nmethod 14345 0x0000021b5137b090 code [0x0000021b5137b200, 0x0000021b5137b2d0]
Event: 43518.445 Thread 0x0000021b5f741800 14346   !   4       java.lang.ref.ReferenceQueue::poll (40 bytes)
Event: 43518.461 Thread 0x0000021b5f741800 nmethod 14346 0x0000021b51407610 code [0x0000021b514077e0, 0x0000021b51407c68]
Event: 43518.462 Thread 0x0000021b5f741800 14347       4       sun.util.locale.LocaleObjectCache::cleanStaleEntries (34 bytes)
Event: 43518.477 Thread 0x0000021b5f742b80 14348       3       org.apache.tomcat.util.http.fileupload.impl.FileItemStreamImpl::<init> (173 bytes)
Event: 43518.480 Thread 0x0000021b5f742b80 nmethod 14348 0x0000021b49c2da90 code [0x0000021b49c2de00, 0x0000021b49c2f858]
Event: 43518.509 Thread 0x0000021b5f741800 nmethod 14347 0x0000021b51389290 code [0x0000021b513894e0, 0x0000021b51389f60]
Event: 43518.512 Thread 0x0000021b5f742b80 14349       1       org.springframework.beans.AbstractNestablePropertyAccessor$PropertyHandler::isWritable (5 bytes)
Event: 43518.512 Thread 0x0000021b5f742b80 nmethod 14349 0x0000021b5137c710 code [0x0000021b5137c880, 0x0000021b5137c950]
Event: 43518.512 Thread 0x0000021b5f742b80 14350       3       org.springframework.beans.PropertyValue::getOriginalPropertyValue (36 bytes)
Event: 43518.513 Thread 0x0000021b5f742b80 nmethod 14350 0x0000021b498fb990 code [0x0000021b498fbb40, 0x0000021b498fc060]
Event: 43518.542 Thread 0x0000021b5f742b80 14351   !   3       org.apache.tomcat.util.http.fileupload.FileUploadBase::parseRequest (359 bytes)
Event: 43518.547 Thread 0x0000021b5f742b80 nmethod 14351 0x0000021b4a527f10 code [0x0000021b4a528480, 0x0000021b4a52b698]
Event: 43522.532 Thread 0x0000021b5f742b80 14352   !   3       jakarta.servlet.http.HttpServlet::service (271 bytes)
Event: 43522.534 Thread 0x0000021b5f742b80 nmethod 14352 0x0000021b49c68390 code [0x0000021b49c68700, 0x0000021b49c69b70]
Event: 43522.556 Thread 0x0000021b5f742b80 14353   !   3       org.springframework.web.servlet.FrameworkServlet::processRequest (190 bytes)
Event: 43522.560 Thread 0x0000021b5f742b80 nmethod 14353 0x0000021b498e8890 code [0x0000021b498e8d40, 0x0000021b498eb6c0]
Event: 43533.285 Thread 0x0000021b5f742b80 14354       3       org.apache.tomcat.util.buf.CharChunk::allocate (49 bytes)
Event: 43533.286 Thread 0x0000021b5f742b80 nmethod 14354 0x0000021b498bfe90 code [0x0000021b498c0020, 0x0000021b498c0368]
Event: 43533.286 Thread 0x0000021b5f741800 14355       4       sun.util.locale.BaseLocale::getInstance (150 bytes)

GC Heap History (20 events):
Event: 7.504 GC heap before
{Heap before GC invocations=12 (full 0):
 garbage-first heap   total 75776K, used 64554K [0x0000000743000000, 0x0000000800000000)
  region size 2048K, 20 young (40960K), 1 survivors (2048K)
 Metaspace       used 65425K, committed 66048K, reserved 1114112K
  class space    used 8728K, committed 9024K, reserved 1048576K
}
Event: 7.509 GC heap after
{Heap after GC invocations=13 (full 0):
 garbage-first heap   total 75776K, used 28498K [0x0000000743000000, 0x0000000800000000)
  region size 2048K, 3 young (6144K), 3 survivors (6144K)
 Metaspace       used 65425K, committed 66048K, reserved 1114112K
  class space    used 8728K, committed 9024K, reserved 1048576K
}
Event: 7.943 GC heap before
{Heap before GC invocations=13 (full 0):
 garbage-first heap   total 75776K, used 61266K [0x0000000743000000, 0x0000000800000000)
  region size 2048K, 19 young (38912K), 3 survivors (6144K)
 Metaspace       used 68215K, committed 68864K, reserved 1114112K
  class space    used 9326K, committed 9664K, reserved 1048576K
}
Event: 7.949 GC heap after
{Heap after GC invocations=14 (full 0):
 garbage-first heap   total 75776K, used 30044K [0x0000000743000000, 0x0000000800000000)
  region size 2048K, 3 young (6144K), 3 survivors (6144K)
 Metaspace       used 68215K, committed 68864K, reserved 1114112K
  class space    used 9326K, committed 9664K, reserved 1048576K
}
Event: 8.384 GC heap before
{Heap before GC invocations=14 (full 0):
 garbage-first heap   total 75776K, used 58716K [0x0000000743000000, 0x0000000800000000)
  region size 2048K, 18 young (36864K), 3 survivors (6144K)
 Metaspace       used 69977K, committed 70656K, reserved 1114112K
  class space    used 9543K, committed 9856K, reserved 1048576K
}
Event: 8.389 GC heap after
{Heap after GC invocations=15 (full 0):
 garbage-first heap   total 75776K, used 30812K [0x0000000743000000, 0x0000000800000000)
  region size 2048K, 2 young (4096K), 2 survivors (4096K)
 Metaspace       used 69977K, committed 70656K, reserved 1114112K
  class space    used 9543K, committed 9856K, reserved 1048576K
}
Event: 9.361 GC heap before
{Heap before GC invocations=15 (full 0):
 garbage-first heap   total 75776K, used 63580K [0x0000000743000000, 0x0000000800000000)
  region size 2048K, 18 young (36864K), 2 survivors (4096K)
 Metaspace       used 72670K, committed 73408K, reserved 1114112K
  class space    used 9911K, committed 10240K, reserved 1048576K
}
Event: 9.365 GC heap after
{Heap after GC invocations=16 (full 0):
 garbage-first heap   total 92160K, used 33233K [0x0000000743000000, 0x0000000800000000)
  region size 2048K, 3 young (6144K), 3 survivors (6144K)
 Metaspace       used 72670K, committed 73408K, reserved 1114112K
  class space    used 9911K, committed 10240K, reserved 1048576K
}
Event: 110.450 GC heap before
{Heap before GC invocations=17 (full 0):
 garbage-first heap   total 92160K, used 78289K [0x0000000743000000, 0x0000000800000000)
  region size 2048K, 25 young (51200K), 3 survivors (6144K)
 Metaspace       used 80184K, committed 80960K, reserved 1179648K
  class space    used 10975K, committed 11328K, reserved 1048576K
}
Event: 110.459 GC heap after
{Heap after GC invocations=18 (full 0):
 garbage-first heap   total 92160K, used 36371K [0x0000000743000000, 0x0000000800000000)
  region size 2048K, 4 young (8192K), 4 survivors (8192K)
 Metaspace       used 80184K, committed 80960K, reserved 1179648K
  class space    used 10975K, committed 11328K, reserved 1048576K
}
Event: 3099.971 GC heap before
{Heap before GC invocations=18 (full 0):
 garbage-first heap   total 92160K, used 73235K [0x0000000743000000, 0x0000000800000000)
  region size 2048K, 23 young (47104K), 4 survivors (8192K)
 Metaspace       used 84053K, committed 84800K, reserved 1179648K
  class space    used 11300K, committed 11648K, reserved 1048576K
}
Event: 3099.985 GC heap after
{Heap after GC invocations=19 (full 0):
 garbage-first heap   total 92160K, used 38167K [0x0000000743000000, 0x0000000800000000)
  region size 2048K, 3 young (6144K), 3 survivors (6144K)
 Metaspace       used 84053K, committed 84800K, reserved 1179648K
  class space    used 11300K, committed 11648K, reserved 1048576K
}
Event: 5327.969 GC heap before
{Heap before GC invocations=19 (full 0):
 garbage-first heap   total 92160K, used 77079K [0x0000000743000000, 0x0000000800000000)
  region size 2048K, 23 young (47104K), 3 survivors (6144K)
 Metaspace       used 85442K, committed 86208K, reserved 1179648K
  class space    used 11335K, committed 11712K, reserved 1048576K
}
Event: 5327.976 GC heap after
{Heap after GC invocations=20 (full 0):
 garbage-first heap   total 92160K, used 39116K [0x0000000743000000, 0x0000000800000000)
  region size 2048K, 2 young (4096K), 2 survivors (4096K)
 Metaspace       used 85442K, committed 86208K, reserved 1179648K
  class space    used 11335K, committed 11712K, reserved 1048576K
}
Event: 7112.540 GC heap before
{Heap before GC invocations=21 (full 0):
 garbage-first heap   total 92160K, used 80076K [0x0000000743000000, 0x0000000800000000)
  region size 2048K, 22 young (45056K), 2 survivors (4096K)
 Metaspace       used 86143K, committed 86848K, reserved 1179648K
  class space    used 11269K, committed 11712K, reserved 1048576K
}
Event: 7112.544 GC heap after
{Heap after GC invocations=22 (full 0):
 garbage-first heap   total 92160K, used 38907K [0x0000000743000000, 0x0000000800000000)
  region size 2048K, 2 young (4096K), 2 survivors (4096K)
 Metaspace       used 86143K, committed 86848K, reserved 1179648K
  class space    used 11269K, committed 11712K, reserved 1048576K
}
Event: 41748.214 GC heap before
{Heap before GC invocations=22 (full 0):
 garbage-first heap   total 92160K, used 77819K [0x0000000743000000, 0x0000000800000000)
  region size 2048K, 22 young (45056K), 2 survivors (4096K)
 Metaspace       used 86982K, committed 87744K, reserved 1179648K
  class space    used 11295K, committed 11712K, reserved 1048576K
}
Event: 41748.229 GC heap after
{Heap after GC invocations=23 (full 0):
 garbage-first heap   total 92160K, used 38526K [0x0000000743000000, 0x0000000800000000)
  region size 2048K, 2 young (4096K), 2 survivors (4096K)
 Metaspace       used 86982K, committed 87744K, reserved 1179648K
  class space    used 11295K, committed 11712K, reserved 1048576K
}
Event: 43516.163 GC heap before
{Heap before GC invocations=23 (full 0):
 garbage-first heap   total 92160K, used 79486K [0x0000000743000000, 0x0000000800000000)
  region size 2048K, 22 young (45056K), 2 survivors (4096K)
 Metaspace       used 87649K, committed 88384K, reserved 1179648K
  class space    used 11306K, committed 11712K, reserved 1048576K
}
Event: 43516.177 GC heap after
{Heap after GC invocations=24 (full 0):
 garbage-first heap   total 92160K, used 38246K [0x0000000743000000, 0x0000000800000000)
  region size 2048K, 2 young (4096K), 2 survivors (4096K)
 Metaspace       used 87649K, committed 88384K, reserved 1179648K
  class space    used 11306K, committed 11712K, reserved 1048576K
}

Dll operation events (14 events):
Event: 0.046 Loaded shared library D:\jdk\bin\java.dll
Event: 0.067 Loaded shared library D:\jdk\bin\jsvml.dll
Event: 0.196 Loaded shared library D:\jdk\bin\zip.dll
Event: 0.202 Loaded shared library D:\jdk\bin\instrument.dll
Event: 0.211 Loaded shared library D:\jdk\bin\net.dll
Event: 0.213 Loaded shared library D:\jdk\bin\nio.dll
Event: 0.217 Loaded shared library D:\jdk\bin\zip.dll
Event: 0.446 Loaded shared library D:\itelliji\IntelliJ IDEA Community Edition 2023.2.5\bin\breakgen64.dll
Event: 0.455 Loaded shared library D:\jdk\bin\extnet.dll
Event: 0.511 Loaded shared library D:\jdk\bin\jimage.dll
Event: 2.080 Loaded shared library D:\jdk\bin\sunmscapi.dll
Event: 3.909 Loaded shared library D:\jdk\bin\management.dll
Event: 3.911 Loaded shared library D:\jdk\bin\management_ext.dll
Event: 4.550 Loaded shared library D:\jdk\bin\verify.dll

Deoptimization events (20 events):
Event: 42436.250 Thread 0x0000021ba6af96e0 Uncommon trap: trap_request=0xffffff45 fr.pc=0x0000021b51a17b90 relative=0x00000000000019b0
Event: 42436.251 Thread 0x0000021ba6af96e0 Uncommon trap: reason=unstable_if action=reinterpret pc=0x0000021b51a17b90 method=java.nio.channels.spi.AbstractSelectionKey.isValid()Z @ 4 c2
Event: 42436.251 Thread 0x0000021ba6af96e0 DEOPT PACKING pc=0x0000021b51a17b90 sp=0x000000be9e9feff0
Event: 42436.251 Thread 0x0000021ba6af96e0 DEOPT UNPACKING pc=0x0000021b50ded2a2 sp=0x000000be9e9fee10 mode 2
Event: 43030.986 Thread 0x0000021ba6a463d0 Uncommon trap: trap_request=0xffffff45 fr.pc=0x0000021b51ab0a14 relative=0x0000000000000db4
Event: 43030.986 Thread 0x0000021ba6a463d0 Uncommon trap: reason=unstable_if action=reinterpret pc=0x0000021b51ab0a14 method=java.util.concurrent.locks.AbstractQueuedSynchronizer.acquire(Ljava/util/concurrent/locks/AbstractQueuedSynchronizer$Node;IZZZJ)I @ 99 c2
Event: 43030.986 Thread 0x0000021ba6a463d0 DEOPT PACKING pc=0x0000021b51ab0a14 sp=0x000000be9dcfeec0
Event: 43030.986 Thread 0x0000021ba6a463d0 DEOPT UNPACKING pc=0x0000021b50ded2a2 sp=0x000000be9dcfee48 mode 2
Event: 43415.207 Thread 0x0000021ba6afe690 Uncommon trap: trap_request=0xfffffff4 fr.pc=0x0000021b51ae8768 relative=0x0000000000000788
Event: 43415.207 Thread 0x0000021ba6afe690 Uncommon trap: reason=null_check action=make_not_entrant pc=0x0000021b51ae8768 method=org.springframework.core.convert.TypeDescriptor.isMap()Z @ 6 c2
Event: 43415.207 Thread 0x0000021ba6afe690 DEOPT PACKING pc=0x0000021b51ae8768 sp=0x000000be9e0fa530
Event: 43415.207 Thread 0x0000021ba6afe690 DEOPT UNPACKING pc=0x0000021b50ded2a2 sp=0x000000be9e0fa4a0 mode 2
Event: 43516.338 Thread 0x0000021ba6afe690 Uncommon trap: trap_request=0xffffff54 fr.pc=0x0000021b516ca510 relative=0x0000000000003450
Event: 43516.338 Thread 0x0000021ba6afe690 Uncommon trap: reason=speculate_null_assert action=make_not_entrant pc=0x0000021b516ca510 method=org.springframework.util.ConcurrentReferenceHashMap$Segment.restructureIfNecessary(Z)V @ 41 c2
Event: 43516.338 Thread 0x0000021ba6afe690 DEOPT PACKING pc=0x0000021b516ca510 sp=0x000000be9e0fa8b0
Event: 43516.338 Thread 0x0000021ba6afe690 DEOPT UNPACKING pc=0x0000021b50ded2a2 sp=0x000000be9e0fa658 mode 2
Event: 43518.444 Thread 0x0000021ba6a47910 Uncommon trap: trap_request=0xffffff54 fr.pc=0x0000021b5180af38 relative=0x0000000000001b58
Event: 43518.444 Thread 0x0000021ba6a47910 Uncommon trap: reason=speculate_null_assert action=make_not_entrant pc=0x0000021b5180af38 method=sun.util.locale.LocaleObjectCache.cleanStaleEntries()V @ 12 c2
Event: 43518.444 Thread 0x0000021ba6a47910 DEOPT PACKING pc=0x0000021b5180af38 sp=0x000000be9dffd2d0
Event: 43518.444 Thread 0x0000021ba6a47910 DEOPT UNPACKING pc=0x0000021b50ded2a2 sp=0x000000be9dffd1c0 mode 2

Classes loaded (20 events):
Event: 41418.781 Loading class java/util/Scanner
Event: 41418.783 Loading class java/util/Scanner done
Event: 41418.785 Loading class java/util/Scanner$PatternLRUCache
Event: 41418.785 Loading class java/util/Scanner$PatternLRUCache done
Event: 41418.787 Loading class sun/util/resources/LocaleData$CommonResourceBundleProvider
Event: 41418.787 Loading class sun/util/resources/LocaleData$LocaleDataResourceBundleProvider
Event: 41418.787 Loading class java/util/spi/ResourceBundleProvider
Event: 41418.788 Loading class java/util/spi/ResourceBundleProvider done
Event: 41418.788 Loading class sun/util/resources/LocaleData$LocaleDataResourceBundleProvider done
Event: 41418.788 Loading class sun/util/resources/LocaleData$CommonResourceBundleProvider done
Event: 41418.789 Loading class sun/util/resources/Bundles$2
Event: 41418.789 Loading class sun/util/resources/Bundles$2 done
Event: 41418.797 Loading class java/util/regex/Matcher$ImmutableMatchResult
Event: 41418.798 Loading class java/util/regex/Matcher$ImmutableMatchResult done
Event: 41418.800 Loading class java/io/PrintWriter$1
Event: 41418.801 Loading class jdk/internal/access/JavaIOPrintWriterAccess
Event: 41418.801 Loading class jdk/internal/access/JavaIOPrintWriterAccess done
Event: 41418.801 Loading class java/io/PrintWriter$1 done
Event: 43415.187 Loading class sun/util/locale/LocaleExtensions
Event: 43415.189 Loading class sun/util/locale/LocaleExtensions done

Classes unloaded (20 events):
Event: 5328.023 Thread 0x0000021b5f6e5010 Unloading class 0x0000021b60801c00 'java/lang/invoke/LambdaForm$MH+0x0000021b60801c00'
Event: 5328.023 Thread 0x0000021b5f6e5010 Unloading class 0x0000021b60801400 'java/lang/invoke/LambdaForm$MH+0x0000021b60801400'
Event: 43516.414 Thread 0x0000021b5f6e5010 Unloading class 0x0000021b6127ec00 'java/lang/invoke/LambdaForm$MH+0x0000021b6127ec00'
Event: 43516.414 Thread 0x0000021b5f6e5010 Unloading class 0x0000021b6127e000 'java/lang/invoke/LambdaForm$MH+0x0000021b6127e000'
Event: 43516.414 Thread 0x0000021b5f6e5010 Unloading class 0x0000021b6127dc00 'java/lang/invoke/LambdaForm$MH+0x0000021b6127dc00'
Event: 43516.414 Thread 0x0000021b5f6e5010 Unloading class 0x0000021b6127d800 'java/lang/invoke/LambdaForm$MH+0x0000021b6127d800'
Event: 43516.414 Thread 0x0000021b5f6e5010 Unloading class 0x0000021b6127d400 'java/lang/invoke/LambdaForm$MH+0x0000021b6127d400'
Event: 43516.414 Thread 0x0000021b5f6e5010 Unloading class 0x0000021b6127c800 'java/lang/invoke/LambdaForm$MH+0x0000021b6127c800'
Event: 43516.414 Thread 0x0000021b5f6e5010 Unloading class 0x0000021b6127c400 'java/lang/invoke/LambdaForm$MH+0x0000021b6127c400'
Event: 43516.414 Thread 0x0000021b5f6e5010 Unloading class 0x0000021b6127c000 'java/lang/invoke/LambdaForm$MH+0x0000021b6127c000'
Event: 43516.414 Thread 0x0000021b5f6e5010 Unloading class 0x0000021b61239800 'java/lang/invoke/LambdaForm$MH+0x0000021b61239800'
Event: 43516.415 Thread 0x0000021b5f6e5010 Unloading class 0x0000021b61238c00 'java/lang/invoke/LambdaForm$MH+0x0000021b61238c00'
Event: 43516.415 Thread 0x0000021b5f6e5010 Unloading class 0x0000021b61238000 'java/lang/invoke/LambdaForm$MH+0x0000021b61238000'
Event: 43516.415 Thread 0x0000021b5f6e5010 Unloading class 0x0000021b60c2a000 'java/lang/invoke/LambdaForm$MH+0x0000021b60c2a000'
Event: 43516.415 Thread 0x0000021b5f6e5010 Unloading class 0x0000021b60b81800 'java/lang/invoke/LambdaForm$MH+0x0000021b60b81800'
Event: 43516.415 Thread 0x0000021b5f6e5010 Unloading class 0x0000021b60b81400 'java/lang/invoke/LambdaForm$MH+0x0000021b60b81400'
Event: 43516.415 Thread 0x0000021b5f6e5010 Unloading class 0x0000021b60b81000 'java/lang/invoke/LambdaForm$MH+0x0000021b60b81000'
Event: 43516.415 Thread 0x0000021b5f6e5010 Unloading class 0x0000021b609ec000 'java/lang/invoke/LambdaForm$MH+0x0000021b609ec000'
Event: 43516.415 Thread 0x0000021b5f6e5010 Unloading class 0x0000021b60955c00 'java/lang/invoke/LambdaForm$MH+0x0000021b60955c00'
Event: 43516.415 Thread 0x0000021b5f6e5010 Unloading class 0x0000021b60955400 'java/lang/invoke/LambdaForm$BMH+0x0000021b60955400'

Classes redefined (0 events):
No events

Internal exceptions (20 events):
Event: 3546.381 Thread 0x0000021ba6afe140 Exception <a 'java/lang/NoSuchMethodError'{0x00000007482b7a50}: 'int java.lang.invoke.DirectMethodHandle$Holder.invokeStatic(java.lang.Object, java.lang.Object, int, int)'> (0x00000007482b7a50) 
thrown [s\open\src\hotspot\share\interpreter\linkResolver.cpp, line 773]
Event: 5362.693 Thread 0x0000021ba6af9190 Implicit null exception at 0x0000021b513b1ca2 to 0x0000021b513b20bd
Event: 5362.693 Thread 0x0000021ba6af9190 Implicit null exception at 0x0000021b5153c602 to 0x0000021b5153c918
Event: 5362.694 Thread 0x0000021ba6af9190 Implicit null exception at 0x0000021b51523ef3 to 0x0000021b51523fcd
Event: 5386.985 Thread 0x0000021ba6a463d0 Implicit null exception at 0x0000021b5157222c to 0x0000021b515724cc
Event: 5387.990 Thread 0x0000021ba6a463d0 Implicit null exception at 0x0000021b5157222c to 0x0000021b515724cc
Event: 5388.987 Thread 0x0000021ba6a463d0 Implicit null exception at 0x0000021b5157222c to 0x0000021b515724cc
Event: 5389.995 Thread 0x0000021ba6a463d0 Implicit null exception at 0x0000021b5157222c to 0x0000021b515724cc
Event: 5996.225 Thread 0x0000021ba6a47910 Exception <a 'sun/nio/fs/WindowsException'{0x0000000747bbfb38}> (0x0000000747bbfb38) 
thrown [s\open\src\hotspot\share\prims\jni.cpp, line 519]
Event: 5996.235 Thread 0x0000021ba6a47910 Implicit null exception at 0x0000021b515eee4b to 0x0000021b515f63f8
Event: 40252.482 Thread 0x0000021ba6afd6a0 Exception <a 'java/io/IOException'{0x000000074eaec6f0}> (0x000000074eaec6f0) 
thrown [s\open\src\hotspot\share\prims\jni.cpp, line 519]
Event: 40252.483 Thread 0x0000021ba6afd6a0 Exception <a 'java/io/IOException'{0x000000074eaeef88}> (0x000000074eaeef88) 
thrown [s\open\src\hotspot\share\prims\jni.cpp, line 519]
Event: 40252.484 Thread 0x0000021ba6afd6a0 Exception <a 'java/net/SocketException'{0x000000074eaf0650}: Connection reset by peer: shutdown> (0x000000074eaf0650) 
thrown [s\open\src\hotspot\share\prims\jni.cpp, line 538]
Event: 40252.484 Thread 0x0000021ba6afd6a0 Exception <a 'java/io/IOException'{0x000000074eaf1b20}> (0x000000074eaf1b20) 
thrown [s\open\src\hotspot\share\prims\jni.cpp, line 519]
Event: 40252.485 Thread 0x0000021ba6afd6a0 Exception <a 'java/net/SocketException'{0x000000074eaf53c8}: Connection reset by peer: shutdown> (0x000000074eaf53c8) 
thrown [s\open\src\hotspot\share\prims\jni.cpp, line 538]
Event: 40252.486 Thread 0x0000021ba6afd6a0 Exception <a 'java/io/IOException'{0x000000074eb13dc8}> (0x000000074eb13dc8) 
thrown [s\open\src\hotspot\share\prims\jni.cpp, line 519]
Event: 40926.022 Thread 0x0000021ba6a47910 Implicit null exception at 0x0000021b51a7918a to 0x0000021b51a79568
Event: 41418.765 Thread 0x0000021ba6afe140 Implicit null exception at 0x0000021b516149aa to 0x0000021b5161e440
Event: 42010.381 Thread 0x0000021ba6e01d10 Exception <a 'java/io/IOException'{0x0000000747ae1488}> (0x0000000747ae1488) 
thrown [s\open\src\hotspot\share\prims\jni.cpp, line 519]
Event: 43415.207 Thread 0x0000021ba6afe690 Implicit null exception at 0x0000021b51ae82fe to 0x0000021b51ae875c

VM Operations (20 events):
Event: 43422.056 Executing VM operation: HandshakeAllThreads
Event: 43422.056 Executing VM operation: HandshakeAllThreads done
Event: 43436.159 Executing VM operation: Cleanup
Event: 43436.159 Executing VM operation: Cleanup done
Event: 43452.296 Executing VM operation: Cleanup
Event: 43452.296 Executing VM operation: Cleanup done
Event: 43482.061 Executing VM operation: HandshakeAllThreads
Event: 43482.061 Executing VM operation: HandshakeAllThreads done
Event: 43516.163 Executing VM operation: G1CollectForAllocation
Event: 43516.177 Executing VM operation: G1CollectForAllocation done
Event: 43516.412 Executing VM operation: G1PauseRemark
Event: 43516.614 Executing VM operation: G1PauseRemark done
Event: 43516.735 Executing VM operation: G1PauseCleanup
Event: 43516.736 Executing VM operation: G1PauseCleanup done
Event: 43518.745 Executing VM operation: Cleanup
Event: 43518.746 Executing VM operation: Cleanup done
Event: 43522.783 Executing VM operation: Cleanup
Event: 43522.783 Executing VM operation: Cleanup done
Event: 43528.821 Executing VM operation: Cleanup
Event: 43528.821 Executing VM operation: Cleanup done

Events (20 events):
Event: 43516.604 Thread 0x0000021b5f6e5010 flushing nmethod 0x0000021b5137ce90
Event: 43516.604 Thread 0x0000021b5f6e5010 flushing nmethod 0x0000021b5137c710
Event: 43516.604 Thread 0x0000021b5f6e5010 flushing nmethod 0x0000021b51383390
Event: 43516.604 Thread 0x0000021b5f6e5010 flushing nmethod 0x0000021b51379790
Event: 43516.604 Thread 0x0000021b5f6e5010 flushing nmethod 0x0000021b51379490
Event: 43516.604 Thread 0x0000021b5f6e5010 flushing nmethod 0x0000021b51379190
Event: 43516.604 Thread 0x0000021b5f6e5010 flushing nmethod 0x0000021b51378b90
Event: 43516.604 Thread 0x0000021b5f6e5010 flushing nmethod 0x0000021b51378890
Event: 43516.604 Thread 0x0000021b5f6e5010 flushing nmethod 0x0000021b51376690
Event: 43516.604 Thread 0x0000021b5f6e5010 flushing nmethod 0x0000021b5137b090
Event: 43516.604 Thread 0x0000021b5f6e5010 flushing nmethod 0x0000021b5137de90
Event: 43516.604 Thread 0x0000021b5f6e5010 flushing nmethod 0x0000021b51376390
Event: 43516.604 Thread 0x0000021b5f6e5010 flushing nmethod 0x0000021b51378590
Event: 43516.604 Thread 0x0000021b5f6e5010 flushing nmethod 0x0000021b51381310
Event: 43516.604 Thread 0x0000021b5f6e5010 flushing nmethod 0x0000021b5137a710
Event: 43516.604 Thread 0x0000021b5f6e5010 flushing nmethod 0x0000021b5137a410
Event: 43516.604 Thread 0x0000021b5f6e5010 flushing nmethod 0x0000021b5137a110
Event: 43516.604 Thread 0x0000021b5f6e5010 flushing nmethod 0x0000021b5137d190
Event: 43516.604 Thread 0x0000021b5f6e5010 flushing nmethod 0x0000021b51371410
Event: 43516.604 Thread 0x0000021b5f6e5010 flushing nmethod 0x0000021b51379d90


Dynamic libraries:
0x00007ff7c5000000 - 0x00007ff7c5010000 	D:\jdk\bin\java.exe
0x00007ffe17e70000 - 0x00007ffe18087000 	C:\WINDOWS\SYSTEM32\ntdll.dll
0x00007ffe15ce0000 - 0x00007ffe15da4000 	C:\WINDOWS\System32\KERNEL32.DLL
0x00007ffe156a0000 - 0x00007ffe15a47000 	C:\WINDOWS\System32\KERNELBASE.dll
0x00007ffe15410000 - 0x00007ffe15521000 	C:\WINDOWS\System32\ucrtbase.dll
0x00007ffdf0660000 - 0x00007ffdf0679000 	D:\jdk\bin\jli.dll
0x00007ffdf06d0000 - 0x00007ffdf06eb000 	D:\jdk\bin\VCRUNTIME140.dll
0x00007ffe15ba0000 - 0x00007ffe15c52000 	C:\WINDOWS\System32\ADVAPI32.dll
0x00007ffe171f0000 - 0x00007ffe17297000 	C:\WINDOWS\System32\msvcrt.dll
0x00007ffe16250000 - 0x00007ffe162f8000 	C:\WINDOWS\System32\sechost.dll
0x00007ffe15190000 - 0x00007ffe151b8000 	C:\WINDOWS\System32\bcrypt.dll
0x00007ffe15e20000 - 0x00007ffe15f35000 	C:\WINDOWS\System32\RPCRT4.dll
0x00007ffe15f40000 - 0x00007ffe160ee000 	C:\WINDOWS\System32\USER32.dll
0x00007ffe15a50000 - 0x00007ffe15a76000 	C:\WINDOWS\System32\win32u.dll
0x00007ffdfe280000 - 0x00007ffdfe513000 	C:\WINDOWS\WinSxS\amd64_microsoft.windows.common-controls_6595b64144ccf1df_6.0.22621.3527_none_270e469b73872a76\COMCTL32.dll
0x00007ffe17810000 - 0x00007ffe17839000 	C:\WINDOWS\System32\GDI32.dll
0x00007ffe15a80000 - 0x00007ffe15b99000 	C:\WINDOWS\System32\gdi32full.dll
0x00007ffe15230000 - 0x00007ffe152ca000 	C:\WINDOWS\System32\msvcp_win.dll
0x00007ffe0c7d0000 - 0x00007ffe0c7da000 	C:\WINDOWS\SYSTEM32\VERSION.dll
0x00007ffe17880000 - 0x00007ffe178b1000 	C:\WINDOWS\System32\IMM32.DLL
0x00007ffe013c0000 - 0x00007ffe013cc000 	D:\jdk\bin\vcruntime140_1.dll
0x00007ffdcccf0000 - 0x00007ffdccd7e000 	D:\jdk\bin\msvcp140.dll
0x00007ffd8ad90000 - 0x00007ffd8ba28000 	D:\jdk\bin\server\jvm.dll
0x00007ffe0d280000 - 0x00007ffe0d2b4000 	C:\WINDOWS\SYSTEM32\WINMM.dll
0x00007ffe0d520000 - 0x00007ffe0d529000 	C:\WINDOWS\SYSTEM32\WSOCK32.dll
0x00007ffe17db0000 - 0x00007ffe17e21000 	C:\WINDOWS\System32\WS2_32.dll
0x00007ffe142a0000 - 0x00007ffe142b8000 	C:\WINDOWS\SYSTEM32\kernel.appcore.dll
0x00007ffdfed60000 - 0x00007ffdfed6a000 	D:\jdk\bin\jimage.dll
0x00007ffe129e0000 - 0x00007ffe12c12000 	C:\WINDOWS\SYSTEM32\DBGHELP.DLL
0x00007ffe172c0000 - 0x00007ffe17648000 	C:\WINDOWS\System32\combase.dll
0x00007ffe17b70000 - 0x00007ffe17c47000 	C:\WINDOWS\System32\OLEAUT32.dll
0x00007ffdf9f70000 - 0x00007ffdf9fa2000 	C:\WINDOWS\SYSTEM32\dbgcore.DLL
0x00007ffe15390000 - 0x00007ffe15409000 	C:\WINDOWS\System32\bcryptPrimitives.dll
0x00007ffdf53f0000 - 0x00007ffdf53fe000 	D:\jdk\bin\instrument.dll
0x00007ffdfbfc0000 - 0x00007ffdfbfe6000 	D:\jdk\bin\java.dll
0x00007ffdbe1d0000 - 0x00007ffdbe2a7000 	D:\jdk\bin\jsvml.dll
0x00007ffe16780000 - 0x00007ffe16fdc000 	C:\WINDOWS\System32\SHELL32.dll
0x00007ffe130d0000 - 0x00007ffe139c6000 	C:\WINDOWS\SYSTEM32\windows.storage.dll
0x00007ffe12f90000 - 0x00007ffe130ce000 	C:\WINDOWS\SYSTEM32\wintypes.dll
0x00007ffe17a70000 - 0x00007ffe17b65000 	C:\WINDOWS\System32\SHCORE.dll
0x00007ffe17660000 - 0x00007ffe176be000 	C:\WINDOWS\System32\shlwapi.dll
0x00007ffe150c0000 - 0x00007ffe150e1000 	C:\WINDOWS\SYSTEM32\profapi.dll
0x00007ffdfb840000 - 0x00007ffdfb858000 	D:\jdk\bin\zip.dll
0x00007ffdfe520000 - 0x00007ffdfe533000 	D:\jdk\bin\net.dll
0x00007ffe0f090000 - 0x00007ffe0f1c6000 	C:\WINDOWS\SYSTEM32\WINHTTP.dll
0x00007ffe14710000 - 0x00007ffe14779000 	C:\WINDOWS\system32\mswsock.dll
0x00007ffdfb860000 - 0x00007ffdfb876000 	D:\jdk\bin\nio.dll
0x00007ffdf0610000 - 0x00007ffdf062a000 	D:\itelliji\IntelliJ IDEA Community Edition 2023.2.5\bin\breakgen64.dll
0x00007ffdfe760000 - 0x00007ffdfe767000 	D:\jdk\bin\extnet.dll
0x00007ffdf4520000 - 0x00007ffdf452e000 	D:\jdk\bin\sunmscapi.dll
0x00007ffe15530000 - 0x00007ffe15698000 	C:\WINDOWS\System32\CRYPT32.dll
0x00007ffe14b30000 - 0x00007ffe14b5e000 	C:\WINDOWS\SYSTEM32\ncrypt.dll
0x00007ffe14af0000 - 0x00007ffe14b27000 	C:\WINDOWS\SYSTEM32\NTASN1.dll
0x00007ffe14970000 - 0x00007ffe1498b000 	C:\WINDOWS\SYSTEM32\CRYPTSP.dll
0x00007ffe14200000 - 0x00007ffe14235000 	C:\WINDOWS\system32\rsaenh.dll
0x00007ffe14810000 - 0x00007ffe14838000 	C:\WINDOWS\SYSTEM32\USERENV.dll
0x00007ffe14990000 - 0x00007ffe1499c000 	C:\WINDOWS\SYSTEM32\CRYPTBASE.dll
0x00007ffe13cb0000 - 0x00007ffe13cdd000 	C:\WINDOWS\SYSTEM32\IPHLPAPI.DLL
0x00007ffe17650000 - 0x00007ffe17659000 	C:\WINDOWS\System32\NSI.dll
0x00007ffe0ee40000 - 0x00007ffe0ee59000 	C:\WINDOWS\SYSTEM32\dhcpcsvc6.DLL
0x00007ffe0eed0000 - 0x00007ffe0eeef000 	C:\WINDOWS\SYSTEM32\dhcpcsvc.DLL
0x00007ffe13d20000 - 0x00007ffe13e18000 	C:\WINDOWS\SYSTEM32\DNSAPI.dll
0x00007ffdf4810000 - 0x00007ffdf481a000 	D:\jdk\bin\management.dll
0x00007ffdf4760000 - 0x00007ffdf476b000 	D:\jdk\bin\management_ext.dll
0x00007ffe17870000 - 0x00007ffe17878000 	C:\WINDOWS\System32\PSAPI.DLL
0x00007ffdf88f0000 - 0x00007ffdf8900000 	D:\jdk\bin\verify.dll
0x00007ffe03690000 - 0x00007ffe0369a000 	C:\Windows\System32\rasadhlp.dll
0x00007ffe0d170000 - 0x00007ffe0d1f3000 	C:\WINDOWS\System32\fwpuclnt.dll
0x00007ffdfe750000 - 0x00007ffdfe758000 	C:\WINDOWS\system32\wshunix.dll

dbghelp: loaded successfully - version: 4.0.5 - missing functions: none
symbol engine: initialized successfully - sym options: 0x614 - pdb path: .;D:\jdk\bin;C:\WINDOWS\SYSTEM32;C:\WINDOWS\WinSxS\amd64_microsoft.windows.common-controls_6595b64144ccf1df_6.0.22621.3527_none_270e469b73872a76;D:\jdk\bin\server;D:\itelliji\IntelliJ IDEA Community Edition 2023.2.5\bin

VM Arguments:
jvm_args: -javaagent:D:\itelliji\IntelliJ IDEA Community Edition 2023.2.5\lib\idea_rt.jar=61080:D:\itelliji\IntelliJ IDEA Community Edition 2023.2.5\bin -Dfile.encoding=UTF-8 -Dsun.stdout.encoding=UTF-8 -Dsun.stderr.encoding=UTF-8 
java_command: com.example.Urban.UrbanApplication
java_class_path (initial): D:\fullstack\code\Urban\UrbanBE\target\classes;C:\Users\Admin\.m2\repository\org\springframework\boot\spring-boot-starter-data-jpa\3.2.4\spring-boot-starter-data-jpa-3.2.4.jar;C:\Users\Admin\.m2\repository\org\springframework\boot\spring-boot-starter-aop\3.2.4\spring-boot-starter-aop-3.2.4.jar;C:\Users\Admin\.m2\repository\org\aspectj\aspectjweaver\1.9.21\aspectjweaver-1.9.21.jar;C:\Users\Admin\.m2\repository\org\springframework\boot\spring-boot-starter-jdbc\3.2.4\spring-boot-starter-jdbc-3.2.4.jar;C:\Users\Admin\.m2\repository\com\zaxxer\HikariCP\5.0.1\HikariCP-5.0.1.jar;C:\Users\Admin\.m2\repository\org\springframework\spring-jdbc\6.1.5\spring-jdbc-6.1.5.jar;C:\Users\Admin\.m2\repository\org\hibernate\orm\hibernate-core\6.4.4.Final\hibernate-core-6.4.4.Final.jar;C:\Users\Admin\.m2\repository\jakarta\persistence\jakarta.persistence-api\3.1.0\jakarta.persistence-api-3.1.0.jar;C:\Users\Admin\.m2\repository\jakarta\transaction\jakarta.transaction-api\2.0.1\jakarta.transaction-api-2.0.1.jar;C:\Users\Admin\.m2\repository\org\jboss\logging\jboss-logging\3.5.3.Final\jboss-logging-3.5.3.Final.jar;C:\Users\Admin\.m2\repository\org\hibernate\common\hibernate-commons-annotations\6.0.6.Final\hibernate-commons-annotations-6.0.6.Final.jar;C:\Users\Admin\.m2\repository\io\smallrye\jandex\3.1.2\jandex-3.1.2.jar;C:\Users\Admin\.m2\repository\com\fasterxml\classmate\1.6.0\classmate-1.6.0.jar;C:\Users\Admin\.m2\repository\net\bytebuddy\byte-buddy\1.14.12\byte-buddy-1.14.12.jar;C:\Users\Admin\.m2\repository\org\glassfish\jaxb\jaxb-runtime\4.0.5\jaxb-runtime-4.0.5.jar;C:\Users\Admin\.m2\repository\org\glassfish\jaxb\jaxb-core\4.0.5\jaxb-core-4.0.5.jar;C:\Users\Admin\.m2\repository\org\glassfish\jaxb\txw2\4.0.5\txw2-4.0.5.jar;C:\Users\Admin\.m2\repository\com\sun\istack\istack-commons-runtime\4.1.2\istack-commons-runtime-4.1.2.jar;C:\Users\Admin\.m2\repository\jakarta\inject\jakarta.inject-api\2.0.1\jakarta.inject-api-2.0.1.jar;C:\Users\Admin\.m2\repository\org\antlr\antlr4-runtime\4.13.0\antlr4-runtime-4.13.0.jar;C:\Users\Admin\.m2\repository\org\springframework\data\spring-data-jpa\3.2.4\spring-data-jpa-3.2.4.jar;C:\Users\Admin\.m2\repository\org\springframework\data\spring-data-commons\3.2.4\spring-data-commons-3.2.4.jar;C:\Users\Admin\.m2\repository\org\springframework\spring-orm\6.1.5\spring-orm-6.1.5.jar;C:\Users\Admin\.m2\repository\org\springframework\spring-tx\6.1.5\spring-tx-6.1.5.jar;C:\Users\Admin\.m2\repository\jakarta\annotation\jakarta.annotation-api\2.1.1\jakarta.annotation-api-2.1.1.jar;C:\Users\Admin\.m2\repository\org\slf4j\slf4j-api\2.0.12\slf4j-api-2.0.12.jar;C:\Users\Admin\.m2\repository\org\springframework\spring-aspects\6.1.5\spring-aspects-6.1.5.jar;C:\Users\Admin\.m2\repository\org\springframework\boot\spring-boot-starter-security\3.2.4\spring-boot-starter-security-3.2.4.jar;C:\Users\Admin\.m2\repository\org\springframework\boot\spring-boot-starter\3.2.4\spring-boot-starter-3.2.4.jar;C:\Users\Admin\.m2\repository\org\springframework\boot\spring-boot\3.2.4\spring-boot-3.2.4.jar;C:\Users\Admin\.m2\repository\org\springframework\boot\spring-boot-autoconfigure\3.2.4\spring-boot-autoconfigure-3.2.4.jar;C:\Users\Admin\.m2\repository\org\springframework\boot\spring-boot-starter-logging\3.2.4\spring-boot-starter-logging-3.2.4.jar;C:\Users\Admin\.m2\repository\ch\qos\logback\logback-classic\1.4.14\logback-classic-1.4.14.jar;C:\Users\Admin\.m2\repository\ch\qos\logback\logback-core\1.4.14\logback-core-1.4.14.jar;C:\Users\Admin\.m2\repository\org\apache\logging\log4j\log4j-to-slf4j\2.21.1\log4j-to-slf4j-2.21.1.jar;C:\Users\Admin\.m2\repository\org\apache\logging\log4j\log4j-api\2.21.1\log4j-api-2.21.1.jar;C:\Users\Admin\.m2\repository\org\slf4j\jul-to-slf4j\2.0.12\jul-to-slf4j-2.0.12.jar;C:\Users\Admin\.m2\repository\org\yaml\snakeyaml\2.2\snakeyaml-2.2.jar;C:\Users\Admin\.m2\repository\org\springframework\spring-aop\6.1.5\spring-aop-6.1.5.jar;C:\Users\Admin\.m2\repository\org\springframework\security\spring-security-web\6.2.3\spring-security-web-6.2.3.jar;C:\Users\Admin\.m2\repository\org\springframework\spring-expression\6.1.5\spring-expression-6.1.5.jar;C:\Users\Admin\.m2\repository\org\springframework\boot\spring-boot-starter-web\3.2.4\spring-boot-starter-web-3.2.4.jar;C:\Users\Admin\.m2\repository\org\springframework\boot\spring-boot-starter-json\3.2.4\spring-boot-starter-json-3.2.4.jar;C:\Users\Admin\.m2\repository\com\fasterxml\jackson\core\jackson-databind\2.15.4\jackson-databind-2.15.4.jar;C:\Users\Admin\.m2\repository\com\fasterxml\jackson\core\jackson-annotations\2.15.4\jackson-annotations-2.15.4.jar;C:\Users\Admin\.m2\repository\com\fasterxml\jackson\core\jackson-core\2.15.4\jackson-core-2.15.4.jar;C:\Users\Admin\.m2\repository\com\fasterxml\jackson\datatype\jackson-datatype-jdk8\2.15.4\jackson-datatype-jdk8-2.15.4.jar;C:\Users\Admin\.m2\repository\com\fasterxml\jackson\datatype\jackson-datatype-jsr310\2.15.4\jackson-datatype-jsr310-2.15.4.jar;C:\Users\Admin\.m2\repository\com\fasterxml\jackson\module\jackson-module-parameter-names\2.15.4\jackson-module-parameter-names-2.15.4.jar;C:\Users\Admin\.m2\repository\org\springframework\boot\spring-boot-starter-tomcat\3.2.4\spring-boot-starter-tomcat-3.2.4.jar;C:\Users\Admin\.m2\repository\org\apache\tomcat\embed\tomcat-embed-core\10.1.19\tomcat-embed-core-10.1.19.jar;C:\Users\Admin\.m2\repository\org\apache\tomcat\embed\tomcat-embed-websocket\10.1.19\tomcat-embed-websocket-10.1.19.jar;C:\Users\Admin\.m2\repository\org\springframework\spring-web\6.1.5\spring-web-6.1.5.jar;C:\Users\Admin\.m2\repository\io\micrometer\micrometer-observation\1.12.4\micrometer-observation-1.12.4.jar;C:\Users\Admin\.m2\repository\io\micrometer\micrometer-commons\1.12.4\micrometer-commons-1.12.4.jar;C:\Users\Admin\.m2\repository\org\springframework\spring-webmvc\6.1.5\spring-webmvc-6.1.5.jar;C:\Users\Admin\.m2\repository\org\springframework\boot\spring-boot-starter-mail\3.2.4\spring-boot-starter-mail-3.2.4.jar;C:\Users\Admin\.m2\repository\org\springframework\spring-context-support\6.1.5\spring-context-support-6.1.5.jar;C:\Users\Admin\.m2\repository\org\eclipse\angus\jakarta.mail\2.0.3\jakarta.mail-2.0.3.jar;C:\Users\Admin\.m2\repository\jakarta\activation\jakarta.activation-api\2.1.3\jakarta.activation-api-2.1.3.jar;C:\Users\Admin\.m2\repository\org\eclipse\angus\angus-activation\2.0.2\angus-activation-2.0.2.jar;C:\Users\Admin\.m2\repository\com\mysql\mysql-connector-j\8.3.0\mysql-connector-j-8.3.0.jar;C:\Users\Admin\.m2\repository\org\projectlombok\lombok\1.18.30\lombok-1.18.30.jar;C:\Users\Admin\.m2\repository\jakarta\xml\bind\jakarta.xml.bind-api\4.0.2\jakarta.xml.bind-api-4.0.2.jar;C:\Users\Admin\.m2\repository\org\springframework\spring-core\6.1.5\spring-core-6.1.5.jar;C:\Users\Admin\.m2\repository\org\springframework\spring-jcl\6.1.5\spring-jcl-6.1.5.jar;C:\Users\Admin\.m2\repository\org\springframework\security\spring-security-core\6.2.3\spring-security-core-6.2.3.jar;C:\Users\Admin\.m2\repository\org\springframework\security\spring-security-crypto\6.2.3\spring-security-crypto-6.2.3.jar;C:\Users\Admin\.m2\repository\io\jsonwebtoken\jjwt\0.12.5\jjwt-0.12.5.jar;C:\Users\Admin\.m2\repository\io\jsonwebtoken\jjwt-api\0.12.5\jjwt-api-0.12.5.jar;C:\Users\Admin\.m2\repository\io\jsonwebtoken\jjwt-impl\0.12.5\jjwt-impl-0.12.5.jar;C:\Users\Admin\.m2\repository\io\jsonwebtoken\jjwt-jackson\0.12.5\jjwt-jackson-0.12.5.jar;C:\Users\Admin\.m2\repository\org\springframework\security\spring-security-config\6.2.3\spring-security-config-6.2.3.jar;C:\Users\Admin\.m2\repository\org\springframework\spring-beans\6.1.5\spring-beans-6.1.5.jar;C:\Users\Admin\.m2\repository\org\springframework\spring-context\6.1.5\spring-context-6.1.5.jar;C:\Users\Admin\.m2\repository\org\springframework\boot\spring-boot-starter-validation\3.2.4\spring-boot-starter-validation-3.2.4.jar;C:\Users\Admin\.m2\repository\org\apache\tomcat\embed\tomcat-embed-el\10.1.19\tomcat-embed-el-10.1.19.jar;C:\Users\Admin\.m2\repository\org\hibernate\validator\hibernate-validator\8.0.1.Final\hibernate-validator-8.0.1.Final.jar;C:\Users\Admin\.m2\repository\jakarta\validation\jakarta.validation-api\3.0.2\jakarta.validation-api-3.0.2.jar;C:\Users\Admin\.m2\repository\org\mapstruct\mapstruct\1.5.3.Final\mapstruct-1.5.3.Final.jar;C:\Users\Admin\.m2\repository\org\springframework\boot\spring-boot-starter-cache\3.2.4\spring-boot-starter-cache-3.2.4.jar
Launcher Type: SUN_STANDARD

[Global flags]
     intx CICompilerCount                          = 4                                         {product} {ergonomic}
     uint ConcGCThreads                            = 2                                         {product} {ergonomic}
     uint G1ConcRefinementThreads                  = 8                                         {product} {ergonomic}
   size_t G1HeapRegionSize                         = 2097152                                   {product} {ergonomic}
    uintx GCDrainStackTargetSize                   = 64                                        {product} {ergonomic}
   size_t InitialHeapSize                          = 199229440                                 {product} {ergonomic}
   size_t MarkStackSize                            = 4194304                                   {product} {ergonomic}
   size_t MaxHeapSize                              = 3170893824                                {product} {ergonomic}
   size_t MaxNewSize                               = 1902116864                                {product} {ergonomic}
   size_t MinHeapDeltaBytes                        = 2097152                                   {product} {ergonomic}
   size_t MinHeapSize                              = 8388608                                   {product} {ergonomic}
    uintx NonNMethodCodeHeapSize                   = 5839372                                {pd product} {ergonomic}
    uintx NonProfiledCodeHeapSize                  = 122909434                              {pd product} {ergonomic}
    uintx ProfiledCodeHeapSize                     = 122909434                              {pd product} {ergonomic}
    uintx ReservedCodeCacheSize                    = 251658240                              {pd product} {ergonomic}
     bool SegmentedCodeCache                       = true                                      {product} {ergonomic}
   size_t SoftMaxHeapSize                          = 3170893824                             {manageable} {ergonomic}
     bool UseCompressedClassPointers               = true                           {product lp64_product} {ergonomic}
     bool UseCompressedOops                        = true                           {product lp64_product} {ergonomic}
     bool UseG1GC                                  = true                                      {product} {ergonomic}
     bool UseLargePagesIndividualAllocation        = false                                  {pd product} {ergonomic}

Logging:
Log output configuration:
 #0: stdout all=warning uptime,level,tags foldmultilines=false
 #1: stderr all=off uptime,level,tags foldmultilines=false

Environment Variables:
PATH=C:\Program Files\Common Files\Oracle\Java\javapath;C:\Program Files (x86)\Common Files\Oracle\Java\javapath;C:\Program Files (x86)\Common Files\Intel\Shared Libraries\redist\intel64\compiler;C:\Windows\system32;C:\Windows;C:\Windows\System32\Wbem;C:\Windows\System32\WindowsPowerShell\v1.0\;C:\Windows\System32\OpenSSH\;C:\Program Files\NVIDIA Corporation\NVIDIA NvDLISR;C:\Program Files (x86)\NVIDIA Corporation\PhysX\Common;%QUARTUS_ROOTDIR%\bin;C:\Program Files\Microsoft SQL Server\Client SDK\ODBC\170\Tools\Binn\;C:\Program Files (x86)\Microsoft SQL Server\150\Tools\Binn\;C:\Program Files\Microsoft SQL Server\150\Tools\Binn\;C:\Program Files\Microsoft SQL Server\150\DTS\Binn\;C:\Program Files\Azure Data Studio\bin;C:\WINDOWS\system32;C:\WINDOWS;C:\WINDOWS\System32\Wbem;C:\WINDOWS\System32\WindowsPowerShell\v1.0\;C:\WINDOWS\System32\OpenSSH\;C:\Program Files (x86)\Microsoft SQL Server\160\Tools\Binn\;C:\Program Files\Microsoft SQL Server\160\Tools\Binn\;C:\Program Files\Microsoft SQL Server\160\DTS\Binn\;C:\Program Files (x86)\Microsoft SQL Server\160\DTS\Binn\;C:\Program Files\Git\cmd;D:\fullstack\nodejs\;C:\Users\Admin\AppData\Local\Microsoft\WindowsApps;C:\Program Files\Azure Data Studio\bin;C:\Users\Admin\.dotnet\tools;C:\Users\Admin\AppData\Local\atom\bin;D:\Microsoft VS Code\bin;C:\Users\Admin\AppData\Local\Microsoft\WindowsApps;C:\Users\Admin\AppData\Roaming\npm
USERNAME=Admin
OS=Windows_NT
PROCESSOR_IDENTIFIER=Intel64 Family 6 Model 126 Stepping 5, GenuineIntel
TMP=C:\Users\Admin\AppData\Local\Temp
TEMP=C:\Users\Admin\AppData\Local\Temp




---------------  S Y S T E M  ---------------

OS:
 Windows 11 , 64 bit Build 22621 (10.0.22621.3527)
OS uptime: 0 days 23:54 hours

CPU: total 8 (initial active 8) (4 cores per cpu, 2 threads per core) family 6 model 126 stepping 5 microcode 0xa6, cx8, cmov, fxsr, ht, mmx, 3dnowpref, sse, sse2, sse3, ssse3, sse4.1, sse4.2, popcnt, lzcnt, tsc, tscinvbit, avx, avx2, aes, erms, clmul, bmi1, bmi2, adx, avx512f, avx512dq, avx512cd, avx512bw, avx512vl, sha, fma, vzeroupper, avx512_vpopcntdq, avx512_vpclmulqdq, avx512_vaes, avx512_vnni, clflush, clflushopt, avx512_vbmi2, avx512_vbmi, rdtscp, rdpid, fsrm, gfni, avx512_bitalg, f16c, pku, avx512_ifma

Memory: 4k page, system-wide physical 12093M (1600M free)
TotalPageFile size 17203M (AvailPageFile size 4M)
current process WorkingSet (physical memory assigned to process): 274M, peak: 308M
current process commit charge ("private bytes"): 342M, peak: 355M

vm_info: Java HotSpot(TM) 64-Bit Server VM (20.0.2+9-78) for windows-amd64 JRE (20.0.2+9-78), built on 2023-06-14T10:08:48Z by "mach5one" with MS VC++ 17.1 (VS2022)

END.
